2025-01-24 12:07:38,624 - ERROR - Error al parsear JSON: Expecting value: line 1 column 1 (char 0), raw_response: ```json
{
  "analisis": {
    "escenas": [
      {
        "numero_escena": 1,
        "descripcion": "Mujer cargando dos botellones de agua en exterior.",
        "timestamp_inicio": "00:00",
        "timestamp_fin": "00:02",
        "personajes": [
          {
            "nombre": "Mujer",
            "descripcion": "Mujer joven de pelo castaño, vestida con una camiseta a rayas y pantalones grises.",
            "emociones": ["cansancio"]
          }
        ],
        "emociones_principales": ["cansancio"],
        "impacto_musical": {
          "existente": "si",
          "tono_emocional": "ligeramente tensa con toque cómico",
          "instrumentacion": ["melodía electrónica suave", "sonido de frenado brusco"]
        },
        "texto_en_pantalla": ["¿aún esperas por los botellones?"],
        "colores_usados": ["gris", "blanco", "azul", "marrón"],
        "proposito": "Mostrar la incomodidad de cargar botellones de agua"
      },
       {
        "numero_escena": 2,
        "descripcion": "Primer plano de los ojos de la mujer.",
        "timestamp_inicio": "00:02",
        "timestamp_fin": "00:04",
        "personajes": [
          {
            "nombre": "Mujer",
            "descripcion": "Solo los ojos de la mujer joven.",
            "emociones": ["incredulidad"]
          }
        ],
        "emociones_principales": ["incredulidad"],
        "impacto_musical": {
          "existente": "si",
          "tono_emocional": "cómica e irónica",
          "instrumentacion": ["melodía electrónica suave"]
        },
        "texto_en_pantalla": ["¿en serio?"],
        "colores_usados": ["marrón"],
          "proposito": "Reforzar la incredulidad ante la situación previa"
      },
      {
        "numero_escena": 3,
         "descripcion": "Mujer usando dispensador de agua en interior.",
        "timestamp_inicio": "00:04",
        "timestamp_fin": "00:05",
         "personajes": [
          {
            "nombre": "Mujer",
            "descripcion": "Mujer joven de pelo castaño, vestida con una camiseta roja y cardigan gris.",
             "emociones": ["tranquilidad"]
          }
        ],
        "emociones_principales": ["tranquilidad"],
         "impacto_musical": {
          "existente": "si",
          "tono_emocional": "relajante",
          "instrumentacion": ["melodía electrónica suave"]
        },
       "texto_en_pantalla": ["evoluciona a Maihue®"],
        "colores_usados": ["negro", "gris", "rojo"],
           "proposito": "Mostrar la facilidad de uso del producto"
      },
       {
        "numero_escena": 4,
        "descripcion": "Mujer sirviendo agua de un dispensador.",
         "timestamp_inicio": "00:05",
         "timestamp_fin": "00:11",
         "personajes": [
          {
            "nombre": "Mujer",
            "descripcion": "Mujer joven de pelo castaño, vestida con una camiseta roja y cardigan gris.",
            "emociones": ["satisfacción"]
          }
        ],
        "emociones_principales": ["satisfacción"],
        "impacto_musical": {
          "existente": "si",
          "tono_emocional": "relajante",
          "instrumentacion": ["melodía electrónica suave"]
        },
        "texto_en_pantalla": ["planes desde $16.900* al mes / temperatura ambiente","pide una prueba gratis"],
        "colores_usados": ["negro", "gris", "rojo","blanco"],
          "proposito":"Mostrar la facilidad de uso del producto y promocionar una prueba gratuita"
      },
     {
        "numero_escena": 5,
         "descripcion": "Logo de la marca.",
        "timestamp_inicio": "00:11",
        "timestamp_fin": "00:16",
        "personajes": [],
          "emociones_principales": [],
         "impacto_musical": {
          "existente": "si",
          "tono_emocional": "neutro",
          "instrumentacion": ["melodía electrónica suave"]
        },
        "texto_en_pantalla": ["MAIHUE prueba","MAIHUE la mejor agua"],
         "colores_usados": ["azul", "blanco"],
            "proposito": "Mostrar el logo de la marca"
      }
    ],
    "emociones_globales": ["cansancio", "incredulidad", "tranquilidad", "satisfacción"],
    "impacto_musical_global": {
      "existente": "si",
      "tono_emocional": "relajante con toques cómicos e irónicos",
      "instrumentacion": ["melodía electrónica suave", "sonido de frenado brusco"]
    },
    "analisis_argumentos_comerciales": [
     {
          "timestamp": "00:00",
          "argumento": "Evolución",
          "contexto":"Se muestra una alternativa al sistema tradicional de botellones"
        },
     {
        "timestamp": "00:05",
        "argumento": "Diseño y Moderno",
        "contexto":"Se muestra un dispensador de agua de diseño moderno."
      },
      {
          "timestamp": "00:05",
          "argumento": "Comodidad y Prestigio",
           "contexto":"Se muestra una mujer sirviéndose agua de forma simple."
        },
        {
          "timestamp": "00:05",
          "argumento": "Agua purificada ilimitada",
          "contexto": "Se muestra a una mujer usando un dispensador de agua, lo que implica acceso ilimitado a agua purificada."
        }

    ],
    "argumentos_no_utilizados": [
        "Salud y Bienestar",
        "Mantención sin costo adicional",
         "Sostenibilidad",
         "Mejor Sabor"
    ]
  }
}
```
2025-01-24 12:07:52,042 - ERROR - Error al parsear JSON: Expecting value: line 1 column 1 (char 0), raw_response: ¡Claro! Analicemos el anuncio de Maihue basado en el JSON proporcionado, junto con el contexto de los anuncios de mayor CTR en la categoría.

**Análisis del Anuncio en Lenguaje Natural**

**1. Secuencia de Escenas:**

*   **Escena 1 (00:00-00:02):** La escena comienza mostrando a una mujer joven, visiblemente cansada, cargando dos pesados botellones de agua en un exterior. La música de fondo es ligeramente tensa con un toque cómico, acompañada de sonidos electrónicos suaves y un frenazo brusco, lo cual intensifica la sensación de esfuerzo. El texto en pantalla "¿aún esperas por los botellones?" plantea una pregunta directa al espectador, resaltando la incomodidad del método tradicional de obtener agua. El propósito de esta escena es establecer el problema: la dificultad de cargar botellones. Los colores usados son gris, blanco, azul y marrón.

*   **Escena 2 (00:02-00:04):**  La cámara se enfoca en un primer plano de los ojos de la mujer, que expresan incredulidad. La música mantiene un tono cómico e irónico. El texto en pantalla "¿en serio?" refuerza la incredulidad sobre la situación anterior. El objetivo es enfatizar lo absurdo de la situación de la escena 1 y preparar el terreno para la solución. Se usan colores marrones.

*   **Escena 3 (00:04-00:05):** La escena cambia a un interior donde la misma mujer, vestida de forma más cómoda, usa un dispensador de agua. La música se vuelve relajante, y la emoción predominante es la tranquilidad. El texto en pantalla "evoluciona a Maihue®" presenta la solución: el dispensador de agua Maihue como una alternativa moderna y cómoda. El propósito es mostrar la facilidad de uso del producto. Se usan colores negro, gris y rojo.

*   **Escena 4 (00:05-00:11):** La mujer se sirve agua del dispensador de manera sencilla y con una expresión de satisfacción. La música continúa relajante. El texto en pantalla ofrece detalles importantes: "planes desde $16.900* al mes / temperatura ambiente" y "pide una prueba gratis," incitando a la acción y proporcionando información de precios. El objetivo es destacar la facilidad de uso y promover una prueba gratuita. Se usan colores negro, gris, rojo y blanco.

*   **Escena 5 (00:11-00:16):**  La escena final muestra el logo de la marca Maihue con el texto "MAIHUE prueba" y "MAIHUE la mejor agua". La música adopta un tono neutro. El propósito es reforzar el reconocimiento de marca. Se usan colores azul y blanco.

**2. Impacto de la Música:**

La música juega un papel crucial en este anuncio. Inicialmente, con un tono ligeramente tenso y cómico en las primeras escenas, enfatiza la incomodidad y lo irónico de la situación de cargar botellones. Posteriormente, al cambiar a un tono relajante, marca el contraste y la tranquilidad que ofrece el producto Maihue. La melodía electrónica suave se mantiene a lo largo del anuncio, creando una atmósfera cohesiva, y el sonido de frenado brusco destaca el punto de tensión de la primera escena.

**3. Argumentos Comerciales:**

*   **00:00 - "Evolución":** Contexto: Se presenta Maihue como una alternativa al sistema tradicional de botellones.
*   **00:05 - "Diseño y Moderno":** Contexto: Se muestra un dispensador de agua con un diseño moderno.
*   **00:05 - "Comodidad y Prestigio":** Contexto: Se observa a la mujer sirviéndose agua sin esfuerzo, destacando la facilidad de uso.
*    **00:05 - "Agua purificada ilimitada":** Contexto: La escena del dispensador implica acceso constante a agua purificada.

**4. Narrativa Clave:**

El anuncio presenta una narrativa clara de problema-solución. Inicia mostrando la incomodidad y el esfuerzo asociado con el sistema tradicional de botellones, luego introduce a Maihue como una solución cómoda y moderna que elimina esa dificultad. El cambio en la emoción y el tono musical acompañan este viaje, reforzando el mensaje de que Maihue es una opción superior y que genera tranquilidad.

**5. Recomendaciones Generales para Mejorar el Anuncio:**

*   **Claridad del mensaje de valor:** Aunque se alude al beneficio del agua ilimitada, podría ser más explícito, resaltando la pureza y calidad del agua en el dispensador.
*   **Profundizar en los beneficios:** Dedicar más tiempo a mostrar cómo funciona el producto y a destacar beneficios únicos de Maihue, como el ahorro de espacio, temperatura del agua, etc.
*   **Llamada a la acción más fuerte:** La llamada a la acción de "pide una prueba gratis" es buena, pero podría ser más persuasiva, con un sentido de urgencia.
*   **Variar los colores:** Agregar colores que den más vida al video o que llamen más la atención.

**6. Recomendaciones Específicas Basadas en la Categoría (Comparación con el Top 5 de CTR):**

*   **Duración del video:** Los videos con mayor CTR en la categoría muestran una duración ligeramente superior (el que más dura tiene 3.44 segundos en comparación con los 16 segundos de este video). En general, se recomienda hacer videos más cortos, enfocándose en las mejores escenas y en los mensajes más claros, para maximizar el impacto y retención del espectador.
*   **Ritmo y dinamismo:**  El anuncio de Maihue podría beneficiarse de un ritmo más dinámico, alternando tomas y usando transiciones más llamativas, al igual que los videos del top 5, que por tener mayor CTR, se supone que tienen una mayor retención de usuarios.
*   **Storytelling:**  Los anuncios de mayor CTR suelen tener una historia más clara y atractiva en su núcleo, incluso si son cortos. El anuncio de Maihue necesita profundizar más en la historia para generar una mayor conexión emocional.
*   **Uso de elementos visuales atractivos:** Aunque el anuncio de Maihue es visualmente agradable, podría incorporar elementos visuales más impactantes (como gráficos o animaciones) para mantener el interés. Por ejemplo, los videos del top 5 tienen nombres como "Tijeras", "Búho", "Mojado" que denotan elementos visuales que destacan sobre el común.
*   **Mención de la marca al inicio:** Los videos del top 5 mencionan la marca en el nombre del video, es decir, los usuarios ya saben qué tipo de video están viendo y deciden quedarse a verlo. Este es un punto clave para retener a los usuarios.

**Resumen de Mejoras Clave:**

1.  **Acortar la duración del video** enfocándose en los puntos más fuertes.
2.  **Aumentar el dinamismo** con cortes más rápidos y transiciones efectivas.
3.  **Fortalecer la historia** para conectar emocionalmente con los espectadores.
4.  **Incorporar elementos visuales** más impactantes y llamativos.
5.  **Mencionar la marca** al inicio del video.

**Conclusión:**

El anuncio de Maihue presenta una buena base con una clara propuesta de valor, pero necesita ajustes para destacar entre la competencia. Aplicar las recomendaciones anteriores, especialmente las basadas en los anuncios de mayor CTR de su categoría, podría aumentar su efectividad. Es importante recordar que la atención del espectador es breve y debe ser aprovechada al máximo con videos que sean directos, concisos e impactantes.

